<?xml version="1.0" encoding="UTF-8"?>
<!-- Generated by org.testng.reporters.JUnitReportReporter -->
<testsuite hostname="DESKTOP-AFJ4RN8" failures="0" tests="1" name="com.cucumber.TestRunner.LoginRunner" time="11.649" errors="0" timestamp="2024-02-11T18:59:14 IST" skipped="0">
  <testcase classname="com.cucumber.TestRunner.LoginRunner" name="feature" time="11.649"/>
  <system-out>
    <![CDATA[About to begin executing following method : AbstractTestNGCucumberTests.feature
Completed executing following method : AbstractTestNGCucumberTests.feature
Test Method resides in com.cucumber.TestRunner.LoginRunner
Test Method had the following parameters : nullLogin - Check the flow of login with valid credentials,
Test Status: Pass]]>
  </system-out>
</testsuite> <!-- com.cucumber.TestRunner.LoginRunner -->
