<?xml version="1.0" encoding="UTF-8"?>
<!-- Generated by org.testng.reporters.JUnitReportReporter -->
<testsuite hostname="DESKTOP-AFJ4RN8" failures="0" tests="1" name="com.cucumber.TestRunner.CreateNewUserRunner" time="589.524" errors="0" timestamp="8 Feb 2024 11:24:47 GMT">
  <testcase classname="com.cucumber.TestRunner.CreateNewUserRunner" name="feature" time="589.524"/>
</testsuite> <!-- com.cucumber.TestRunner.CreateNewUserRunner -->
