<?xml version="1.0" encoding="UTF-8"?>
<!-- Generated by org.testng.reporters.JUnitReportReporter -->
<testsuite hostname="DESKTOP-AFJ4RN8" failures="0" tests="1" name="com.cucumber.TestRunner.sreachUserRunner" time="55.645" errors="0" timestamp="1 Feb 2024 15:26:26 GMT">
  <testcase classname="com.cucumber.TestRunner.sreachUserRunner" name="feature" time="55.645"/>
</testsuite> <!-- com.cucumber.TestRunner.sreachUserRunner -->
