<?xml version="1.0" encoding="UTF-8"?>
<!-- Generated by org.testng.reporters.JUnitReportReporter -->
<testsuite hostname="DESKTOP-AFJ4RN8" failures="0" tests="1" name="com.cucumber.TestRunner.LoginRunner" time="10.953" errors="0" timestamp="1 Feb 2024 15:26:26 GMT">
  <testcase classname="com.cucumber.TestRunner.LoginRunner" name="feature" time="10.953"/>
</testsuite> <!-- com.cucumber.TestRunner.LoginRunner -->
